5.563782
18.561523
10.399416
65.220917
29.974857
62.822514
53.897427
15.517243
14.860353
0.547853
67.166199
31.409058
35.438782
3.904602
54.416664
55.754551
24.263916
-.-
16.882565
-.-
50.223995
82.919250
-.-
92.571426
12.305179
13.742433
64.766846
-.-
-.-
-.-
-.-
27.945801
21.259277
6.602541
2.894774
23.385944
41.956303
53.758366
12.148622
1.241425
26.795414
23.328617
50.099117
27.055912
3.401366
23.416260
-.-
54.420963
51.834167
12.085446
12.079099
12.928954
50.778629
-.-
17.996826
2.644041
36.401981
4.368440
7.572690
37.357143
8.615390
-.-
13.684211
31.799320
34.875851
8.234861
46.231693
14.174196
28.131351
31.591305
20.592770
25.524899
79.716522
52.506870
46.806396
36.551514
82.305557
10.379270
17.785828
63.370182
58.992550
21.828369
62.564091
37.209652
0.700441
77.794525
40.874989
44.046631
40.734127
69.547180
4.755738
-.-
50.867634
2.088866
24.795410
14.736083
-.-
25.906219
67.899139
27.529175
-.-
-.-
7.512209
11.163083
26.206665
6.569823
10.999992
22.950439
47.417477
20.904388
35.587765
1.101688
34.511227
6.157717
22.554810
17.477539
34.278217
20.236877
38.092525
11.719725
73.618744
:D
26.260010
31.482300
-.-
3.017089
48.370972
20.661011
19.391354
4.999969
43.727295
23.925385
58.112553
12.602052
3.965273
71.425003
66.979156
37.723881
1.120606
80.666672
82.603607
5.182007
7.488772
28.378418
27.689941
5.380186
71.266663
15.651855
29.991207
91.064926
4.854616
62.792023
-.-
40.483646
83.272720
5.783447
13.467529
43.697994
9.442868
47.764713
37.260738
46.094574
19.161377
3.530273
53.197018
2.494630
19.820557
2.763674
60.843136
62.071434
27.416744
-.-
63.074581
19.969959
4.319337
3.101805
27.749023
17.707520
61.666637
37.684933
67.097290
46.092525
33.884613
2.339354
55.687012
46.417240
12.891116
63.363644
-.-
8.476075
-.-
13.226870
46.274166
85.678070
29.622559
52.705322
9.238097
25.562008
2.341065
57.558170
-.-
0.843140
-.-
19.741089
14.555177
38.814945
71.476181
85.067307
91.357147
10.896363
66.406235
73.356140
43.095211
34.794308
24.830570
10.278323
10.466793
33.434086
1.868650
78.571442
52.163757
74.871201
12.603453
47.177608
12.058231
28.682617
3.129396
27.030762
52.044495
-.-
4.414305
41.090092
51.404171
49.567631
73.400009
8.985839
65.989853
25.230961
63.362858
19.479366
29.682369
18.383305
33.295650
5.680665
29.077145
3.922364
28.920002
7.350829
14.919797
34.164555
23.866699
25.595215
51.818203
22.978447
-.-
50.897709
75.303909
47.125668
1.945558
11.502931
-.-
83.226791
48.980865
28.552242
22.588863
37.418034
42.219975
6.564328
11.730590
87.730759
43.598267
76.434540
3.463378
29.449711
5.661377
4.861084
60.941196
37.841064
24.666664
14.954588
57.098385
19.619324
0.374982
20.999996
25.242920
76.522720
15.626464
44.462524
63.725220
-.-
15.650025
34.147099
84.659576
49.899014
83.368423
7.889649
12.694701
-.-
33.556416
42.015987
52.980934
20.741089
24.195927
10.505494
-.-
10.467896
7.999995
78.836533
50.645023
53.924496
53.365356
11.223636
27.417114
85.602036
4.645750
33.015884
55.988529
-.-
26.986572
30.151119
3.327212
21.395020
21.245483
23.266117
81.105881
74.044617
28.714111
56.608273
20.520813
37.831303
10.938475
-.-
53.957340
16.393070
:D
4.058107
17.881832
41.261631
0.805667
30.632324
26.016602
76.000000
:D
10.523805
20.869629
53.160404
37.622005
3.426024
38.315914
30.895203
2.889648
73.848495
13.090941
13.499990
21.356449
11.139163
69.037033
64.228638
63.905636
47.680908
23.210087
69.735306
31.721344
31.394043
43.060299
11.763612
4.852054
16.534546
1.451293
1.266238
34.065308
13.556149
80.503860
0.248536
54.936703
16.232666
36.521236
15.559813
23.700443
68.304321
56.969364
33.288082
63.599972
57.040890
23.813965
-.-
-.-
23.360661
33.785721
-.-
23.061279
17.200680
61.636372
79.536362
24.964352
7.271179
16.536621
40.636414
70.822052
61.036800
55.732578
1.387510
0.086060
3.864119
-.-
52.911278
30.232910
53.118412
38.291508
-.-
65.591858
-.-
58.619015
29.863628
20.637329
-.-
56.859249
43.152836
34.179195
89.761917
56.249424
54.709835
22.519466
49.499981
38.249996
2.417478
13.110938
83.071426
-.-
29.480652
14.481320
34.262211
3.791747
13.887331
0.999936
20.836918
4.421571
64.506165
43.527283
2.304199
60.488911
53.949753
19.706543
66.835648
2.888885
-.-
6.126097
93.896545
45.115597
-.-
29.962280
37.840572
42.620731
46.822510
22.024414
72.156677
-.-
-.-
23.559322
10.032258
48.142887
16.908691
34.800007
31.175449
76.399994
55.594696
27.442261
26.735027
34.858150
35.151546
15.855590
37.933346
28.972904
10.303405
45.714287
21.490356
61.173309
6.280455
77.981827
-.-
-.-
-.-
19.763367
74.153854
52.581402
22.272583
11.528322
16.871586
43.655521
33.237789
7.532469
19.254395
11.960450
45.794006
-.-
27.182617
12.267092
9.409181
59.260128
44.082523
