5.5638
18.5615
10.3994
65.2209
29.9749
62.8225
53.8974
15.5172
14.8604
0.5479
67.1662
31.4091
35.4388
3.9046
54.4167
55.7546
24.2639
-.-
16.8826
-.-
50.2240
82.9193
-.-
92.5714
12.3052
13.7424
64.7668
-.-
-.-
-.-
-.-
27.9458
21.2593
6.6025
2.8948
23.3859
41.9563
53.7584
12.1486
1.2414
26.7954
23.3286
50.0991
27.0559
3.4014
23.4163
-.-
54.4210
51.8342
12.0854
12.0791
12.9290
50.7786
-.-
17.9968
2.6440
36.4020
4.3684
7.5727
37.3571
8.6154
-.-
13.6842
31.7993
34.8759
8.2349
46.2317
14.1742
28.1314
31.5913
20.5928
25.5249
79.7165
52.5069
46.8064
36.5515
82.3056
10.3793
17.7858
63.3702
58.9925
21.8284
62.5641
37.2097
0.7004
77.7945
40.8750
44.0466
40.7341
69.5472
4.7557
-.-
50.8676
2.0889
24.7954
14.7361
-.-
25.9062
67.8991
27.5292
-.-
-.-
7.5122
11.1631
26.2067
6.5698
11.0000
22.9504
47.4175
20.9044
35.5878
1.1017
34.5112
6.1577
22.5548
17.4775
34.2782
20.2369
38.0925
11.7197
73.6187
:D
26.2600
31.4823
-.-
3.0171
48.3710
20.6610
19.3914
5.0000
43.7273
23.9254
58.1126
12.6021
3.9653
71.4250
66.9792
37.7239
1.1206
80.6667
82.6036
5.1820
7.4888
28.3784
27.6899
5.3802
71.2667
15.6519
29.9912
91.0649
4.8546
62.7920
-.-
40.4836
83.2727
5.7834
13.4675
43.6980
9.4429
47.7647
37.2607
46.0946
19.1614
3.5303
53.1970
2.4946
19.8206
2.7637
60.8431
62.0714
27.4167
-.-
63.0746
19.9700
4.3193
3.1018
27.7490
17.7075
61.6666
37.6849
67.0973
46.0925
33.8846
2.3394
55.6870
46.4172
12.8911
63.3636
-.-
8.4761
-.-
13.2269
46.2742
85.6781
29.6226
52.7053
9.2381
25.5620
2.3411
57.5582
-.-
0.8431
-.-
19.7411
14.5552
38.8149
71.4762
85.0673
91.3571
10.8964
66.4062
73.3561
43.0952
34.7943
24.8306
10.2783
10.4668
33.4341
1.8687
78.5714
52.1638
74.8712
12.6035
47.1776
12.0582
28.6826
3.1294
27.0308
52.0445
-.-
4.4143
41.0901
51.4042
49.5676
73.4000
8.9858
65.9899
25.2310
63.3629
19.4794
29.6824
18.3833
33.2957
5.6807
29.0771
3.9224
28.9200
7.3508
14.9198
34.1646
23.8667
25.5952
51.8182
22.9784
-.-
50.8977
75.3039
47.1257
1.9456
11.5029
-.-
83.2268
48.9809
28.5522
22.5889
37.4180
42.2200
6.5643
11.7306
87.7308
43.5983
76.4345
3.4634
29.4497
5.6614
4.8611
60.9412
37.8411
24.6667
14.9546
57.0984
19.6193
0.3750
21.0000
25.2429
76.5227
15.6265
44.4625
63.7252
-.-
15.6500
34.1471
84.6596
49.8990
83.3684
7.8896
12.6947
-.-
33.5564
42.0160
52.9809
20.7411
24.1959
10.5055
-.-
10.4679
8.0000
78.8365
50.6450
53.9245
53.3654
11.2236
27.4171
85.6020
4.6458
33.0159
55.9885
-.-
26.9866
30.1511
3.3272
21.3950
21.2455
23.2661
81.1059
74.0446
28.7141
56.6083
20.5208
37.8313
10.9385
-.-
53.9573
16.3931
:D
4.0581
17.8818
41.2616
0.8057
30.6323
26.0166
76.0000
:D
10.5238
20.8696
53.1604
37.6220
3.4260
38.3159
30.8952
2.8896
73.8485
13.0909
13.5000
21.3564
11.1392
69.0370
64.2286
63.9056
47.6809
23.2101
69.7353
31.7213
31.3940
43.0603
11.7636
4.8521
16.5345
1.4513
1.2662
34.0653
13.5561
80.5039
0.2485
54.9367
16.2327
36.5212
15.5598
23.7004
68.3043
56.9694
33.2881
63.6000
57.0409
23.8140
-.-
-.-
23.3607
33.7857
-.-
23.0613
17.2007
61.6364
79.5364
24.9644
7.2712
16.5366
40.6364
70.8221
61.0368
55.7326
1.3875
0.0861
3.8641
-.-
52.9113
30.2329
53.1184
38.2915
-.-
65.5919
-.-
58.6190
29.8636
20.6373
-.-
56.8592
43.1528
34.1792
89.7619
56.2494
54.7098
22.5195
49.5000
38.2500
2.4175
13.1109
83.0714
-.-
29.4807
14.4813
34.2622
3.7917
13.8873
0.9999
20.8369
4.4216
64.5062
43.5273
2.3042
60.4889
53.9498
19.7065
66.8356
2.8889
-.-
6.1261
93.8965
45.1156
-.-
29.9623
37.8406
42.6207
46.8225
22.0244
72.1567
-.-
-.-
23.5593
10.0323
48.1429
16.9087
34.8000
31.1754
76.4000
55.5947
27.4423
26.7350
34.8582
35.1515
15.8556
37.9333
28.9729
10.3034
45.7143
21.4904
61.1733
6.2805
77.9818
-.-
-.-
-.-
19.7634
74.1539
52.5814
22.2726
11.5283
16.8716
43.6555
33.2378
7.5325
19.2544
11.9605
45.7940
-.-
27.1826
12.2671
9.4092
59.2601
44.0825
