5.5638
18.5615
10.3994
65.2209
29.9749
62.8225
53.8974
15.5173
14.8604
0.5478
67.1662
31.4090
35.4388
3.9046
54.4167
55.7545
24.2639
-.-
16.8826
-.-
50.2240
82.9193
-.-
92.5714
12.3052
13.7424
64.7668
-.-
-.-
-.-
-.-
27.9458
21.2593
6.6025
2.8947
23.3860
41.9563
53.7584
12.1486
1.2414
26.7954
23.3286
50.0991
27.0559
3.4013
23.4163
-.-
54.4210
51.8342
12.0855
12.0791
12.9289
50.7786
-.-
17.9968
2.6440
36.4020
4.3684
7.5727
37.3572
8.6154
-.-
13.6842
31.7994
34.8758
8.2348
46.2317
14.1742
28.1313
31.5913
20.5927
25.5249
79.7165
52.5069
46.8064
36.5515
82.3056
10.3793
17.7858
63.3702
58.9925
21.8284
62.5641
37.2097
0.7004
77.7945
40.8750
44.0466
40.7341
69.5472
4.7557
-.-
50.8676
2.0889
24.7954
14.7361
-.-
25.9063
67.8992
27.5292
-.-
-.-
7.5122
11.1631
26.2066
6.5698
11.0000
22.9504
47.4175
20.9044
35.5877
1.1017
34.5112
6.1577
22.5548
17.4776
34.2783
20.2369
38.0926
11.7198
73.6187
:D
26.2600
31.4823
-.-
3.0171
48.3710
20.6610
19.3914
5.0000
43.7273
23.9254
58.1126
12.6021
3.9652
71.4250
66.9792
37.7239
1.1206
80.6667
82.6036
5.1820
7.4888
28.3784
27.6900
5.3802
71.2667
15.6518
29.9912
91.0650
4.8546
62.7921
-.-
40.4836
83.2727
5.7834
13.4676
43.6980
9.4429
47.7647
37.2608
46.0946
19.1614
3.5303
53.1971
2.4947
19.8205
2.7637
60.8431
62.0715
27.4168
-.-
63.0745
19.9700
4.3193
3.1018
27.7490
17.7075
61.6666
37.6850
67.0973
46.0926
33.8846
2.3393
55.6870
46.4173
12.8911
63.3636
-.-
8.4761
-.-
13.2268
46.2741
85.6781
29.6226
52.7053
9.2381
25.5620
2.3410
57.5582
-.-
0.8431
-.-
19.7411
14.5552
38.8150
71.4762
85.0673
91.3572
10.8963
66.4062
73.3561
43.0953
34.7943
24.8306
10.2784
10.4668
33.4341
1.8687
78.5715
52.1637
74.8712
12.6034
47.1777
12.0582
28.6827
3.1294
27.0308
52.0445
-.-
4.4143
41.0901
51.4041
49.5676
73.4000
8.9859
65.9898
25.2309
63.3628
19.4793
29.6824
18.3833
33.2957
5.6807
29.0771
3.9223
28.9200
7.3509
14.9198
34.1646
23.8667
25.5952
51.8182
22.9784
-.-
50.8977
75.3039
47.1257
1.9455
11.5029
-.-
83.2268
48.9809
28.5522
22.5889
37.4180
42.2200
6.5643
11.7306
87.7307
43.5982
76.4346
3.4634
29.4497
5.6613
4.8611
60.9412
37.8411
24.6666
14.9546
57.0983
19.6193
0.3750
21.0000
25.2429
76.5227
15.6265
44.4625
63.7252
-.-
15.6500
34.1471
84.6595
49.8991
83.3684
7.8896
12.6947
-.-
33.5564
42.0160
52.9809
20.7411
24.1959
10.5055
-.-
10.4679
8.0000
78.8365
50.6450
53.9245
53.3654
11.2236
27.4171
85.6021
4.6458
33.0159
55.9885
-.-
26.9866
30.1511
3.3272
21.3951
21.2455
23.2661
81.1059
74.0447
28.7141
56.6082
20.5208
37.8313
10.9385
-.-
53.9573
16.3930
:D
4.0581
17.8818
41.2616
0.8057
30.6324
26.0166
76.0000
:D
10.5238
20.8696
53.1604
37.6220
3.4260
38.3159
30.8952
2.8897
73.8485
13.0909
13.5000
21.3564
11.1392
69.0370
64.2287
63.9057
47.6809
23.2101
69.7353
31.7214
31.3941
43.0603
11.7636
4.8521
16.5346
1.4513
1.2662
34.0653
13.5561
80.5039
0.2486
54.9367
16.2326
36.5212
15.5598
23.7005
68.3043
56.9694
33.2880
63.6000
57.0409
23.8140
-.-
-.-
23.3607
33.7857
-.-
23.0613
17.2007
61.6364
79.5364
24.9644
7.2711
16.5367
40.6364
70.8221
61.0368
55.7326
1.3875
0.0861
3.8641
-.-
52.9113
30.2330
53.1184
38.2915
-.-
65.5919
-.-
58.6190
29.8636
20.6374
-.-
56.8593
43.1529
34.1792
89.7619
56.2494
54.7099
22.5194
49.5000
38.2500
2.4175
13.1110
83.0715
-.-
29.4807
14.4813
34.2622
3.7918
13.8874
1.0000
20.8369
4.4216
64.5062
43.5273
2.3042
60.4889
53.9498
19.7066
66.8356
2.8889
-.-
6.1261
93.8965
45.1156
-.-
29.9623
37.8406
42.6207
46.8225
22.0244
72.1567
-.-
-.-
23.5593
10.0322
48.1429
16.9087
34.8000
31.1755
76.4000
55.5947
27.4422
26.7351
34.8582
35.1515
15.8556
37.9333
28.9729
10.3034
45.7143
21.4903
61.1733
6.2805
77.9818
-.-
-.-
-.-
19.7633
74.1539
52.5814
22.2725
11.5283
16.8716
43.6555
33.2378
7.5325
19.2544
11.9605
45.7940
-.-
27.1826
12.2671
9.4092
59.2601
44.0825
