5.56382942
18.56137085
10.39948177
65.22093201
29.97479248
62.82251358
53.89743805
15.51724339
14.86037731
0.54821670
67.16616821
31.40909195
35.43877792
3.90456629
54.41666794
55.75454330
24.26388931
-.-
16.88273621
-.-
50.22406387
82.91925049
-.-
92.57142639
12.30513763
13.74236012
64.76687622
-.-
-.-
-.-
-.-
27.94575882
21.25944138
6.60240936
2.89457130
23.38596344
41.95626450
53.75833130
12.14864540
1.24137866
26.79534912
23.32844543
50.09903336
27.05590057
3.40157461
23.41609192
-.-
54.42091751
51.83419418
12.08541679
12.07866955
12.92893600
50.77865982
-.-
17.99686432
2.64427948
36.40195847
4.36842346
7.57272530
37.35714340
8.61538410
-.-
13.68421268
31.79923630
34.87594223
8.23460484
46.23155212
14.17400551
28.13137436
31.59146500
20.59302139
25.52490616
79.71653748
52.50684738
46.80645370
36.55163956
82.30555725
10.37931156
17.78561401
63.37016296
58.99260712
21.82828522
62.56410599
37.20962143
0.70066750
77.79452515
40.87500000
44.04669571
40.73418045
69.54716492
4.75536251
-.-
50.86764908
2.08900881
24.79552841
14.73622036
-.-
25.90625000
67.89915466
27.52924728
-.-
-.-
7.51242352
11.16352940
26.20681763
6.56984711
11.00000000
22.95041275
47.41749191
20.90434647
35.58778381
1.10158026
34.51152420
6.15800953
22.55474091
17.47779465
34.27825928
20.23684311
38.09259415
11.71968269
73.61874390
:D
26.25993729
31.48240280
-.-
3.01700640
48.37096405
20.66101837
19.39146042
4.99999809
43.72727585
23.92537308
58.11254120
12.60196877
3.96531534
71.42500305
66.97917175
37.72381210
1.12083852
80.66667175
82.60360718
5.18181610
7.48852158
28.37869644
27.68989563
5.38016224
71.26666260
15.65199184
29.99118805
91.06494141
4.85454464
62.79199982
-.-
40.48375320
83.27272034
5.78344154
13.46767902
43.69804001
9.44295216
47.76470566
37.26071930
46.09459305
19.16128922
3.53017759
53.19692612
2.49467802
19.82051468
2.76354265
60.84313583
62.07142639
27.41666794
-.-
63.07466507
19.96988297
4.31923580
3.10163212
27.74899673
17.70750809
61.66666412
37.68498230
67.09722900
46.09254074
33.88461685
2.33933401
55.68693542
46.41719437
12.89082432
63.36363983
-.-
8.47618866
-.-
13.22689342
46.27414322
85.67808533
29.62236023
52.70535660
9.23809338
25.56202698
2.34120178
57.55813980
-.-
0.84313548
-.-
19.74117279
14.55482006
38.81511307
71.47619629
85.06730652
91.35714722
10.89645863
66.40625000
73.35617065
43.09523773
34.79418182
24.83042145
10.27871037
10.46658993
33.43399429
1.86861455
78.57142639
52.16379547
74.87121582
12.60344696
47.17766571
12.05825520
28.68258667
3.12944937
27.03079987
52.04444504
-.-
4.41414452
41.09001923
51.40425491
49.56765366
73.39999390
8.98587990
65.98979187
25.23094940
63.36283493
19.47924423
29.68239975
18.38337708
33.29554367
5.68036747
29.07703781
3.92201853
28.91999817
7.35087681
14.91989803
34.16443253
23.86689377
25.59534073
51.81818390
22.97849274
-.-
50.89761734
75.30392456
47.12566757
1.94534361
11.50285244
-.-
83.22680664
48.98081589
28.55218124
22.58883286
37.41798782
42.21994400
6.56435776
11.73051929
87.73077393
43.59829330
76.43455505
3.46325922
29.44943619
5.66156769
4.86127472
60.94117355
37.84102631
24.66666794
14.95454597
57.09831619
19.61922836
0.37499982
21.00000000
25.24276733
76.52272034
15.62633228
44.46258163
63.72516251
-.-
15.65000057
34.14705658
84.65957642
49.89895248
83.36842346
7.88982773
12.69473743
-.-
33.55658340
42.01604462
52.98094940
20.74079895
24.19591904
10.50549412
-.-
10.46788883
8.00000000
78.83653259
50.64509201
53.92453003
53.36529922
11.22361088
27.41704178
85.60203552
4.64571381
33.01587296
55.98850632
-.-
26.98660660
30.15111160
3.32715797
21.39477921
21.24545288
23.26602554
81.10588074
74.04464722
28.71428299
56.60832977
20.52083206
37.83132553
10.93838501
-.-
53.95734787
16.39313889
:D
4.05840588
17.88174820
41.26169968
0.80592334
30.63247681
26.01647568
76.00000000
:D
10.52366734
20.86956406
53.16027069
37.62206650
3.42586327
38.31587601
30.89513016
2.88974333
73.84848022
13.09091091
13.50000286
21.35632324
11.13903809
69.03703308
64.22857666
63.90557861
47.68085098
23.20999908
69.73529053
31.72130966
31.39415741
43.06023788
11.76363468
4.85185051
16.53448105
1.45122111
1.26614273
34.06538773
13.55634594
80.50387573
0.24853647
54.93664169
16.23270798
36.52124786
15.55980778
23.70029449
68.30435181
56.96934128
33.28807449
63.59999847
57.04095840
23.81395340
-.-
-.-
23.36065292
33.78571320
-.-
23.06110382
17.20085907
61.63636017
79.53636169
24.96428680
7.27118397
16.53667450
40.63636398
70.82203674
61.03674698
55.73255539
1.38750076
0.08602440
3.86419582
-.-
52.91128922
30.23270798
53.11839676
38.29137802
-.-
65.59184265
-.-
58.61904526
29.86363983
20.63746262
-.-
56.85932541
43.15277863
34.17921829
89.76190186
56.24942017
54.70988846
22.51947784
49.50000000
38.25000000
2.41741228
13.11097431
83.07142639
-.-
29.48052216
14.48112965
34.26225662
3.79192543
13.88724804
1.00000203
20.83662033
4.42178535
64.50617981
43.52727127
2.30434847
60.48888779
53.94971848
19.70646667
66.83567810
2.88888693
-.-
6.12645435
93.89654541
45.11560822
-.-
29.96226120
37.84064865
42.62068939
46.82247543
22.02447891
72.15672302
-.-
-.-
23.55932236
10.03225803
48.14285660
16.90879822
34.79999924
31.17543793
76.39999390
55.59472275
27.44231033
26.73514557
34.85815811
35.15143967
15.85555363
37.93333054
28.97289276
10.30341625
45.71428680
21.49026108
61.17333603
6.28048897
77.98181152
-.-
-.-
-.-
19.76328659
74.15383911
52.58139801
22.27248764
11.52787495
16.87128830
43.65548706
33.23762131
7.53265285
19.25412750
11.96043205
45.79396820
-.-
27.18265915
12.26727009
9.40957355
59.26013565
44.08247757
